<?xml version="1.0" encoding="UTF-8"?>
<!-- Generated by org.testng.reporters.JUnitReportReporter -->
<testsuite hostname="ReBIT-LPT472" failures="0" tests="3" name="testClass.HomeTestClass" time="39.121" errors="0" timestamp="2023-03-31T12:48:30 IST" skipped="0">
  <testcase classname="testClass.HomeTestClass" name="verifymen" time="8.783"/>
  <system-out/>
  <testcase classname="testClass.HomeTestClass" name="verifywomen" time="21.646"/>
  <system-out/>
  <testcase classname="testClass.HomeTestClass" name="verifywomenWestern" time="8.692"/>
  <system-out/>
</testsuite> <!-- testClass.HomeTestClass -->
